Adding Queue: .\private$\ADT.InQueue
Label Name:\ADT.InQueue
Queue already exists! : .\private$\ADT.InQueue
Adding Queue: .\private$\CPC.Server2OP2
Label Name:\CPC.Server2OP2
Queue already exists! : .\private$\CPC.Server2OP2
Adding Queue: .\private$\CPC02.SERVER2OPC
Label Name:\CPC02.SERVER2OPC
Queue already exists! : .\private$\CPC02.SERVER2OPC
Adding Queue: .\private$\CRT.InQueue
Label Name:\CRT.InQueue
Queue already exists! : .\private$\CRT.InQueue
Adding Queue: .\private$\Epic.RXC.ZPM.Queue
Label Name:\Epic.RXC.ZPM.Queue
Queue already exists! : .\private$\Epic.RXC.ZPM.Queue
Adding Queue: .\private$\Epic.ZPM.InQueue
Label Name:\Epic.ZPM.InQueue
Queue already exists! : .\private$\Epic.ZPM.InQueue
Adding Queue: .\private$\MFN.InQueue
Label Name:\MFN.InQueue
Queue already exists! : .\private$\MFN.InQueue
Adding Queue: .\private$\RDE.InQueue
Label Name:\RDE.InQueue
Queue already exists! : .\private$\RDE.InQueue
Adding Queue: .\private$\RDS.InQueue
Label Name:\RDS.InQueue
Queue already exists! : .\private$\RDS.InQueue
Adding Queue: .\private$\RSC.InQueue
Label Name:\RSC.InQueue
Queue already exists! : .\private$\RSC.InQueue
Adding Queue: .\private$\RXL.InQueue
Label Name:\RXL.InQueue
Queue already exists! : .\private$\RXL.InQueue
Adding Queue: .\private$\RXS.InQueue
Label Name:\RXS.InQueue
Queue already exists! : .\private$\RXS.InQueue
Closing Application at 2017-07-26T06:36:17.587
